13-Apr-2020 11:44:31.311 INFO [main] org.apache.catalina.startup.VersionLoggerListener.log Server version:        Apache Tomcat/8.5.33
13-Apr-2020 11:44:31.316 INFO [main] org.apache.catalina.startup.VersionLoggerListener.log Server built:          Aug 12 2018 08:20:08 UTC
13-Apr-2020 11:44:31.316 INFO [main] org.apache.catalina.startup.VersionLoggerListener.log Server number:         8.5.33.0
13-Apr-2020 11:44:31.316 INFO [main] org.apache.catalina.startup.VersionLoggerListener.log OS Name:               Mac OS X
13-Apr-2020 11:44:31.316 INFO [main] org.apache.catalina.startup.VersionLoggerListener.log OS Version:            10.15.3
13-Apr-2020 11:44:31.316 INFO [main] org.apache.catalina.startup.VersionLoggerListener.log Architecture:          x86_64
13-Apr-2020 11:44:31.316 INFO [main] org.apache.catalina.startup.VersionLoggerListener.log Java Home:             /Library/Java/JavaVirtualMachines/jdk1.8.0_241.jdk/Contents/Home/jre
13-Apr-2020 11:44:31.316 INFO [main] org.apache.catalina.startup.VersionLoggerListener.log JVM Version:           1.8.0_241-b07
13-Apr-2020 11:44:31.316 INFO [main] org.apache.catalina.startup.VersionLoggerListener.log JVM Vendor:            Oracle Corporation
13-Apr-2020 11:44:31.317 INFO [main] org.apache.catalina.startup.VersionLoggerListener.log CATALINA_BASE:         /Users/ggar/Documents/codeprojects/AjaxSwing4.6.3/tomcat
13-Apr-2020 11:44:31.317 INFO [main] org.apache.catalina.startup.VersionLoggerListener.log CATALINA_HOME:         /Users/ggar/Documents/codeprojects/AjaxSwing4.6.3/tomcat
13-Apr-2020 11:44:31.317 INFO [main] org.apache.catalina.startup.VersionLoggerListener.log Command line argument: -Djava.util.logging.config.file=../tomcat/conf/logging.properties
13-Apr-2020 11:44:31.317 INFO [main] org.apache.catalina.startup.VersionLoggerListener.log Command line argument: -Djava.util.logging.manager=org.apache.juli.ClassLoaderLogManager
13-Apr-2020 11:44:31.317 INFO [main] org.apache.catalina.startup.VersionLoggerListener.log Command line argument: -Xbootclasspath/p:../lib/boot/asboot.jar
13-Apr-2020 11:44:31.317 INFO [main] org.apache.catalina.startup.VersionLoggerListener.log Command line argument: -Xmx312m
13-Apr-2020 11:44:31.317 INFO [main] org.apache.catalina.startup.VersionLoggerListener.log Command line argument: -Dajaxswing.home=..
13-Apr-2020 11:44:31.317 INFO [main] org.apache.catalina.startup.VersionLoggerListener.log Command line argument: -Djava.awt.headless=true
13-Apr-2020 11:44:31.317 INFO [main] org.apache.catalina.startup.VersionLoggerListener.log Command line argument: -Djava.awt.fonts=../lib/fonts:/Library/Java/JavaVirtualMachines/jdk1.8.0_241.jdk/Contents/Home/jre/lib/fonts
13-Apr-2020 11:44:31.317 INFO [main] org.apache.catalina.startup.VersionLoggerListener.log Command line argument: -Djdk.tls.ephemeralDHKeySize=2048
13-Apr-2020 11:44:31.317 INFO [main] org.apache.catalina.startup.VersionLoggerListener.log Command line argument: -Djava.protocol.handler.pkgs=org.apache.catalina.webresources
13-Apr-2020 11:44:31.318 INFO [main] org.apache.catalina.startup.VersionLoggerListener.log Command line argument: -Dorg.apache.catalina.security.SecurityListener.UMASK=0027
13-Apr-2020 11:44:31.318 INFO [main] org.apache.catalina.startup.VersionLoggerListener.log Command line argument: -Dignore.endorsed.dirs=
13-Apr-2020 11:44:31.318 INFO [main] org.apache.catalina.startup.VersionLoggerListener.log Command line argument: -Dcatalina.base=../tomcat
13-Apr-2020 11:44:31.318 INFO [main] org.apache.catalina.startup.VersionLoggerListener.log Command line argument: -Dcatalina.home=../tomcat
13-Apr-2020 11:44:31.318 INFO [main] org.apache.catalina.startup.VersionLoggerListener.log Command line argument: -Djava.io.tmpdir=../tomcat/temp
13-Apr-2020 11:44:31.318 INFO [main] org.apache.catalina.core.AprLifecycleListener.lifecycleEvent The APR based Apache Tomcat Native library which allows optimal performance in production environments was not found on the java.library.path: [/Users/ggar/Library/Java/Extensions:/Library/Java/Extensions:/Network/Library/Java/Extensions:/System/Library/Java/Extensions:/usr/lib/java:.]
13-Apr-2020 11:44:31.488 INFO [main] org.apache.coyote.AbstractProtocol.init Initializing ProtocolHandler ["http-nio-8040"]
13-Apr-2020 11:44:31.516 INFO [main] org.apache.tomcat.util.net.NioSelectorPool.getSharedSelector Using a shared selector for servlet write/read
13-Apr-2020 11:44:31.524 INFO [main] org.apache.coyote.AbstractProtocol.init Initializing ProtocolHandler ["ajp-nio-8009"]
13-Apr-2020 11:44:31.525 INFO [main] org.apache.tomcat.util.net.NioSelectorPool.getSharedSelector Using a shared selector for servlet write/read
13-Apr-2020 11:44:31.526 INFO [main] org.apache.catalina.startup.Catalina.load Initialization processed in 641 ms
13-Apr-2020 11:44:31.553 INFO [main] org.apache.catalina.core.StandardService.startInternal Starting service [Catalina]
13-Apr-2020 11:44:31.553 INFO [main] org.apache.catalina.core.StandardEngine.startInternal Starting Servlet Engine: Apache Tomcat/8.5.33
13-Apr-2020 11:44:31.580 INFO [localhost-startStop-1] org.apache.catalina.startup.HostConfig.deployWAR Deploying web application archive [/Users/ggar/Documents/codeprojects/AjaxSwing4.6.3/tomcat/webapps/ajaxswing.war]
13-Apr-2020 11:44:33.334 INFO [localhost-startStop-1] org.apache.jasper.servlet.TldScanner.scanJars At least one JAR was scanned for TLDs yet contained no TLDs. Enable debug logging for this logger for a complete list of JARs that were scanned but no TLDs were found in them. Skipping unneeded JARs during scanning can improve startup time and JSP compilation time.
13-Apr-2020 11:44:33.651 INFO [localhost-startStop-1] org.apache.catalina.startup.HostConfig.deployWAR Deployment of web application archive [/Users/ggar/Documents/codeprojects/AjaxSwing4.6.3/tomcat/webapps/ajaxswing.war] has finished in [2,071] ms
13-Apr-2020 11:44:33.652 INFO [localhost-startStop-1] org.apache.catalina.startup.HostConfig.deployDirectory Deploying web application directory [/Users/ggar/Documents/codeprojects/AjaxSwing4.6.3/tomcat/webapps/ROOT]
13-Apr-2020 11:44:34.713 INFO [localhost-startStop-1] org.apache.jasper.servlet.TldScanner.scanJars At least one JAR was scanned for TLDs yet contained no TLDs. Enable debug logging for this logger for a complete list of JARs that were scanned but no TLDs were found in them. Skipping unneeded JARs during scanning can improve startup time and JSP compilation time.
13-Apr-2020 11:44:34.715 INFO [localhost-startStop-1] org.apache.catalina.startup.HostConfig.deployDirectory Deployment of web application directory [/Users/ggar/Documents/codeprojects/AjaxSwing4.6.3/tomcat/webapps/ROOT] has finished in [1,063] ms
13-Apr-2020 11:44:34.716 INFO [main] org.apache.coyote.AbstractProtocol.start Starting ProtocolHandler ["http-nio-8040"]
13-Apr-2020 11:44:34.722 INFO [main] org.apache.coyote.AbstractProtocol.start Starting ProtocolHandler ["ajp-nio-8009"]
13-Apr-2020 11:44:34.723 INFO [main] org.apache.catalina.startup.Catalina.start Server startup in 3197 ms
13-Apr-2020 11:48:22.418 INFO [main] org.apache.catalina.core.StandardServer.await A valid shutdown command was received via the shutdown port. Stopping the Server instance.
13-Apr-2020 11:48:22.419 INFO [main] org.apache.coyote.AbstractProtocol.pause Pausing ProtocolHandler ["http-nio-8040"]
13-Apr-2020 11:48:22.475 INFO [main] org.apache.coyote.AbstractProtocol.pause Pausing ProtocolHandler ["ajp-nio-8009"]
13-Apr-2020 11:48:22.531 INFO [main] org.apache.catalina.core.StandardService.stopInternal Stopping service [Catalina]
13-Apr-2020 11:48:22.539 WARNING [localhost-startStop-2] org.apache.catalina.loader.WebappClassLoaderBase.clearReferencesThreads The web application [ROOT] appears to have started a thread named [Thread-14] but has failed to stop it. This is very likely to create a memory leak. Stack trace of thread:
 java.lang.Thread.sleep(Native Method)
 ForcedShutdownServlet.run(ForcedShutdownServlet.java:29)
 java.lang.Thread.run(Thread.java:748)
13-Apr-2020 11:48:22.547 WARNING [localhost-startStop-2] org.apache.catalina.loader.WebappClassLoaderBase.clearReferencesThreads The web application [ajaxswing] appears to have started a thread named [Thread-7] but has failed to stop it. This is very likely to create a memory leak. Stack trace of thread:
 java.lang.Thread.sleep(Native Method)
 com.creamtec.ajaxswing.servlet.SessionManager.run(SessionManager.java:135)
13-Apr-2020 11:48:22.547 WARNING [localhost-startStop-2] org.apache.catalina.loader.WebappClassLoaderBase.clearReferencesThreads The web application [ajaxswing] appears to have started a thread named [Thread-10] but has failed to stop it. This is very likely to create a memory leak. Stack trace of thread:
 java.lang.Thread.sleep(Native Method)
 com.creamtec.ajaxswing.servlet.SessionManager.run(SessionManager.java:135)
13-Apr-2020 11:48:22.547 WARNING [localhost-startStop-2] org.apache.catalina.loader.WebappClassLoaderBase.clearReferencesThreads The web application [ajaxswing] appears to have started a thread named [Thread-9] but has failed to stop it. This is very likely to create a memory leak. Stack trace of thread:
 java.lang.Object.wait(Native Method)
 java.lang.Object.wait(Object.java:502)
 com.creamtec.ajaxswing.core.AjaxSwingThread.run(AjaxSwingThread.java:105)
13-Apr-2020 11:48:22.547 WARNING [localhost-startStop-2] org.apache.catalina.loader.WebappClassLoaderBase.clearReferencesThreads The web application [ajaxswing] appears to have started a thread named [AWT-EventQueue-1] but has failed to stop it. This is very likely to create a memory leak. Stack trace of thread:
 sun.misc.Unsafe.park(Native Method)
 java.util.concurrent.locks.LockSupport.park(LockSupport.java:175)
 java.util.concurrent.locks.AbstractQueuedSynchronizer$ConditionObject.await(AbstractQueuedSynchronizer.java:2039)
 java.awt.EventQueue.getNextEvent(EventQueue.java:554)
 com.creamtec.ajaxswing.gui.SchedulingEventQueue.getNextEvent(SchedulingEventQueue.java:78)
 java.awt.EventDispatchThread.pumpOneEventForFilters(EventDispatchThread.java:187)
 java.awt.EventDispatchThread.pumpEventsForFilter(EventDispatchThread.java:116)
 java.awt.EventDispatchThread.pumpEventsForHierarchy(EventDispatchThread.java:105)
 java.awt.EventDispatchThread.pumpEvents(EventDispatchThread.java:101)
 java.awt.EventDispatchThread.pumpEvents(EventDispatchThread.java:93)
 java.awt.EventDispatchThread.run(EventDispatchThread.java:82)
13-Apr-2020 11:48:22.548 WARNING [localhost-startStop-2] org.apache.catalina.loader.WebappClassLoaderBase.clearReferencesThreads The web application [ajaxswing] appears to have started a thread named [SwingWorker-pool-1-thread-1] but has failed to stop it. This is very likely to create a memory leak. Stack trace of thread:
 sun.misc.Unsafe.park(Native Method)
 java.util.concurrent.locks.LockSupport.park(LockSupport.java:175)
 java.util.concurrent.locks.AbstractQueuedSynchronizer$ConditionObject.await(AbstractQueuedSynchronizer.java:2039)
 java.util.concurrent.LinkedBlockingQueue.take(LinkedBlockingQueue.java:442)
 java.util.concurrent.ThreadPoolExecutor.getTask(ThreadPoolExecutor.java:1074)
 java.util.concurrent.ThreadPoolExecutor.runWorker(ThreadPoolExecutor.java:1134)
 java.util.concurrent.ThreadPoolExecutor$Worker.run(ThreadPoolExecutor.java:624)
 java.lang.Thread.run(Thread.java:748)
13-Apr-2020 11:48:22.549 INFO [main] org.apache.coyote.AbstractProtocol.stop Stopping ProtocolHandler ["http-nio-8040"]
13-Apr-2020 11:48:22.550 INFO [main] org.apache.coyote.AbstractProtocol.stop Stopping ProtocolHandler ["ajp-nio-8009"]
13-Apr-2020 11:48:22.551 INFO [main] org.apache.coyote.AbstractProtocol.destroy Destroying ProtocolHandler ["http-nio-8040"]
13-Apr-2020 11:48:22.552 INFO [main] org.apache.coyote.AbstractProtocol.destroy Destroying ProtocolHandler ["ajp-nio-8009"]
13-Apr-2020 11:48:26.804 INFO [main] org.apache.catalina.startup.VersionLoggerListener.log Server version:        Apache Tomcat/8.5.33
13-Apr-2020 11:48:26.806 INFO [main] org.apache.catalina.startup.VersionLoggerListener.log Server built:          Aug 12 2018 08:20:08 UTC
13-Apr-2020 11:48:26.806 INFO [main] org.apache.catalina.startup.VersionLoggerListener.log Server number:         8.5.33.0
13-Apr-2020 11:48:26.806 INFO [main] org.apache.catalina.startup.VersionLoggerListener.log OS Name:               Mac OS X
13-Apr-2020 11:48:26.806 INFO [main] org.apache.catalina.startup.VersionLoggerListener.log OS Version:            10.15.3
13-Apr-2020 11:48:26.806 INFO [main] org.apache.catalina.startup.VersionLoggerListener.log Architecture:          x86_64
13-Apr-2020 11:48:26.806 INFO [main] org.apache.catalina.startup.VersionLoggerListener.log Java Home:             /Library/Java/JavaVirtualMachines/jdk1.8.0_241.jdk/Contents/Home/jre
13-Apr-2020 11:48:26.806 INFO [main] org.apache.catalina.startup.VersionLoggerListener.log JVM Version:           1.8.0_241-b07
13-Apr-2020 11:48:26.806 INFO [main] org.apache.catalina.startup.VersionLoggerListener.log JVM Vendor:            Oracle Corporation
13-Apr-2020 11:48:26.806 INFO [main] org.apache.catalina.startup.VersionLoggerListener.log CATALINA_BASE:         /Users/ggar/Documents/codeprojects/AjaxSwing4.6.3/tomcat
13-Apr-2020 11:48:26.807 INFO [main] org.apache.catalina.startup.VersionLoggerListener.log CATALINA_HOME:         /Users/ggar/Documents/codeprojects/AjaxSwing4.6.3/tomcat
13-Apr-2020 11:48:26.807 INFO [main] org.apache.catalina.startup.VersionLoggerListener.log Command line argument: -Djava.util.logging.config.file=../tomcat/conf/logging.properties
13-Apr-2020 11:48:26.807 INFO [main] org.apache.catalina.startup.VersionLoggerListener.log Command line argument: -Djava.util.logging.manager=org.apache.juli.ClassLoaderLogManager
13-Apr-2020 11:48:26.807 INFO [main] org.apache.catalina.startup.VersionLoggerListener.log Command line argument: -Xbootclasspath/p:../lib/boot/asboot.jar
13-Apr-2020 11:48:26.807 INFO [main] org.apache.catalina.startup.VersionLoggerListener.log Command line argument: -Xmx312m
13-Apr-2020 11:48:26.807 INFO [main] org.apache.catalina.startup.VersionLoggerListener.log Command line argument: -Dajaxswing.home=..
13-Apr-2020 11:48:26.807 INFO [main] org.apache.catalina.startup.VersionLoggerListener.log Command line argument: -Djava.awt.headless=false
13-Apr-2020 11:48:26.808 INFO [main] org.apache.catalina.startup.VersionLoggerListener.log Command line argument: -Djava.awt.fonts=../lib/fonts:/Library/Java/JavaVirtualMachines/jdk1.8.0_241.jdk/Contents/Home/jre/lib/fonts
13-Apr-2020 11:48:26.808 INFO [main] org.apache.catalina.startup.VersionLoggerListener.log Command line argument: -Djdk.tls.ephemeralDHKeySize=2048
13-Apr-2020 11:48:26.808 INFO [main] org.apache.catalina.startup.VersionLoggerListener.log Command line argument: -Djava.protocol.handler.pkgs=org.apache.catalina.webresources
13-Apr-2020 11:48:26.808 INFO [main] org.apache.catalina.startup.VersionLoggerListener.log Command line argument: -Dorg.apache.catalina.security.SecurityListener.UMASK=0027
13-Apr-2020 11:48:26.808 INFO [main] org.apache.catalina.startup.VersionLoggerListener.log Command line argument: -Dignore.endorsed.dirs=
13-Apr-2020 11:48:26.808 INFO [main] org.apache.catalina.startup.VersionLoggerListener.log Command line argument: -Dcatalina.base=../tomcat
13-Apr-2020 11:48:26.808 INFO [main] org.apache.catalina.startup.VersionLoggerListener.log Command line argument: -Dcatalina.home=../tomcat
13-Apr-2020 11:48:26.808 INFO [main] org.apache.catalina.startup.VersionLoggerListener.log Command line argument: -Djava.io.tmpdir=../tomcat/temp
13-Apr-2020 11:48:26.808 INFO [main] org.apache.catalina.core.AprLifecycleListener.lifecycleEvent The APR based Apache Tomcat Native library which allows optimal performance in production environments was not found on the java.library.path: [/Users/ggar/Library/Java/Extensions:/Library/Java/Extensions:/Network/Library/Java/Extensions:/System/Library/Java/Extensions:/usr/lib/java:.]
13-Apr-2020 11:48:26.902 INFO [main] org.apache.coyote.AbstractProtocol.init Initializing ProtocolHandler ["http-nio-8040"]
13-Apr-2020 11:48:26.921 INFO [main] org.apache.tomcat.util.net.NioSelectorPool.getSharedSelector Using a shared selector for servlet write/read
13-Apr-2020 11:48:26.928 INFO [main] org.apache.coyote.AbstractProtocol.init Initializing ProtocolHandler ["ajp-nio-8009"]
13-Apr-2020 11:48:26.930 INFO [main] org.apache.tomcat.util.net.NioSelectorPool.getSharedSelector Using a shared selector for servlet write/read
13-Apr-2020 11:48:26.930 INFO [main] org.apache.catalina.startup.Catalina.load Initialization processed in 371 ms
13-Apr-2020 11:48:26.952 INFO [main] org.apache.catalina.core.StandardService.startInternal Starting service [Catalina]
13-Apr-2020 11:48:26.952 INFO [main] org.apache.catalina.core.StandardEngine.startInternal Starting Servlet Engine: Apache Tomcat/8.5.33
13-Apr-2020 11:48:26.972 INFO [localhost-startStop-1] org.apache.catalina.startup.HostConfig.deployWAR Deploying web application archive [/Users/ggar/Documents/codeprojects/AjaxSwing4.6.3/tomcat/webapps/ajaxswing.war]
13-Apr-2020 11:48:28.474 INFO [localhost-startStop-1] org.apache.jasper.servlet.TldScanner.scanJars At least one JAR was scanned for TLDs yet contained no TLDs. Enable debug logging for this logger for a complete list of JARs that were scanned but no TLDs were found in them. Skipping unneeded JARs during scanning can improve startup time and JSP compilation time.
13-Apr-2020 11:48:28.621 INFO [localhost-startStop-1] org.apache.catalina.startup.HostConfig.deployWAR Deployment of web application archive [/Users/ggar/Documents/codeprojects/AjaxSwing4.6.3/tomcat/webapps/ajaxswing.war] has finished in [1,649] ms
13-Apr-2020 11:48:28.622 INFO [localhost-startStop-1] org.apache.catalina.startup.HostConfig.deployDirectory Deploying web application directory [/Users/ggar/Documents/codeprojects/AjaxSwing4.6.3/tomcat/webapps/ROOT]
13-Apr-2020 11:48:29.615 INFO [localhost-startStop-1] org.apache.jasper.servlet.TldScanner.scanJars At least one JAR was scanned for TLDs yet contained no TLDs. Enable debug logging for this logger for a complete list of JARs that were scanned but no TLDs were found in them. Skipping unneeded JARs during scanning can improve startup time and JSP compilation time.
13-Apr-2020 11:48:29.617 INFO [localhost-startStop-1] org.apache.catalina.startup.HostConfig.deployDirectory Deployment of web application directory [/Users/ggar/Documents/codeprojects/AjaxSwing4.6.3/tomcat/webapps/ROOT] has finished in [995] ms
13-Apr-2020 11:48:29.619 INFO [main] org.apache.coyote.AbstractProtocol.start Starting ProtocolHandler ["http-nio-8040"]
13-Apr-2020 11:48:29.624 INFO [main] org.apache.coyote.AbstractProtocol.start Starting ProtocolHandler ["ajp-nio-8009"]
13-Apr-2020 11:48:29.625 INFO [main] org.apache.catalina.startup.Catalina.start Server startup in 2694 ms
