2020/04/11 17:39:34:613 : localhost-startStop-1 : createServerSocket: 127.0.0.1:8045
2020/04/11 17:39:45:218 : http-nio-8040-exec-9 : for headless unix environments ensure xvfb is running
2020/04/11 17:39:46:298 : http-nio-8040-exec-10 : [com.creamtec.ajaxswing.ServletHelper$InProcessClientAgent] Initializing the client, wait = true
2020/04/11 17:39:49:167 : http-nio-8040-exec-10 : [com.creamtec.ajaxswing.ServletHelper$InProcessClientAgent] Initialization of client complete
2020/04/11 18:10:09:017 : localhost-startStop-1 : createServerSocket: 127.0.0.1:8045
2020/04/11 18:10:09:387 : http-nio-8040-exec-1 : for headless unix environments ensure xvfb is running
2020/04/11 18:10:09:888 : http-nio-8040-exec-1 : [com.creamtec.ajaxswing.ServletHelper$InProcessClientAgent] Initializing the client, wait = true
2020/04/11 18:10:13:693 : http-nio-8040-exec-1 : [com.creamtec.ajaxswing.ServletHelper$InProcessClientAgent] Initialization of client complete
2020/04/11 18:17:42:666 : http-nio-8040-exec-7 : [com.creamtec.ajaxswing.ServletHelper] Failed to process a request for session = org.apache.catalina.session.StandardSessionFacade@345453a2 (Exception com.creamtec.ajaxswing.core.AjaxSwingException, Failed to find application properties file for app kolmafia-20.3)
com.creamtec.ajaxswing.core.AjaxSwingException: Failed to find application properties file for app kolmafia-20.3
	at com.creamtec.ajaxswing.core.AjaxSwingPropertiesManager.getAppProperties(AjaxSwingPropertiesManager.java:203)
	at com.creamtec.ajaxswing.servlet.AppDesc.<init>(AppDesc.java:33)
	at com.creamtec.ajaxswing.ServletHelper$InProcessAppDesc.<init>(ServletHelper.java:1159)
	at com.creamtec.ajaxswing.ServletHelper.createAppDesc(ServletHelper.java:1544)
	at com.creamtec.ajaxswing.ServletHelper.getAppDesc(ServletHelper.java:1389)
	at com.creamtec.ajaxswing.ServletHelper.processHttpRequest(ServletHelper.java:250)
	at com.creamtec.ajaxswing.AjaxSwingRouter.doPost(AjaxSwingRouter.java:141)
	at com.creamtec.ajaxswing.AjaxSwingRouter.doGet(AjaxSwingRouter.java:120)
	at javax.servlet.http.HttpServlet.service(HttpServlet.java:635)
	at com.creamtec.ajaxswing.AjaxSwingRouter.service(AjaxSwingRouter.java:106)
	at javax.servlet.http.HttpServlet.service(HttpServlet.java:742)
	at org.apache.catalina.core.ApplicationFilterChain.internalDoFilter(ApplicationFilterChain.java:231)
	at org.apache.catalina.core.ApplicationFilterChain.doFilter(ApplicationFilterChain.java:166)
	at org.apache.tomcat.websocket.server.WsFilter.doFilter(WsFilter.java:52)
	at org.apache.catalina.core.ApplicationFilterChain.internalDoFilter(ApplicationFilterChain.java:193)
	at org.apache.catalina.core.ApplicationFilterChain.doFilter(ApplicationFilterChain.java:166)
	at org.apache.catalina.core.StandardWrapperValve.invoke(StandardWrapperValve.java:198)
	at org.apache.catalina.core.StandardContextValve.invoke(StandardContextValve.java:96)
	at org.apache.catalina.authenticator.AuthenticatorBase.invoke(AuthenticatorBase.java:493)
	at org.apache.catalina.core.StandardHostValve.invoke(StandardHostValve.java:140)
	at org.apache.catalina.valves.ErrorReportValve.invoke(ErrorReportValve.java:81)
	at org.apache.catalina.valves.AbstractAccessLogValve.invoke(AbstractAccessLogValve.java:650)
	at org.apache.catalina.core.StandardEngineValve.invoke(StandardEngineValve.java:87)
	at org.apache.catalina.connector.CoyoteAdapter.service(CoyoteAdapter.java:342)
	at org.apache.coyote.http11.Http11Processor.service(Http11Processor.java:800)
	at org.apache.coyote.AbstractProcessorLight.process(AbstractProcessorLight.java:66)
	at org.apache.coyote.AbstractProtocol$ConnectionHandler.process(AbstractProtocol.java:806)
	at org.apache.tomcat.util.net.NioEndpoint$SocketProcessor.doRun(NioEndpoint.java:1498)
	at org.apache.tomcat.util.net.SocketProcessorBase.run(SocketProcessorBase.java:49)
	at java.util.concurrent.ThreadPoolExecutor.runWorker(ThreadPoolExecutor.java:1149)
	at java.util.concurrent.ThreadPoolExecutor$Worker.run(ThreadPoolExecutor.java:624)
	at org.apache.tomcat.util.threads.TaskThread$WrappingRunnable.run(TaskThread.java:61)
	at java.lang.Thread.run(Thread.java:748)
2020/04/11 18:20:50:282 : localhost-startStop-1 : createServerSocket: 127.0.0.1:8045
2020/04/11 18:20:57:670 : http-nio-8040-exec-4 : for headless unix environments ensure xvfb is running
2020/04/11 18:20:58:783 : http-nio-8040-exec-5 : [com.creamtec.ajaxswing.ServletHelper$InProcessClientAgent] Initializing the client, wait = true
2020/04/11 18:21:00:873 : Thread-9 : WARN: Failed to set look and feel or look and feel change not allowed by AjaxSwing (Exception java.lang.RuntimeException, Changing look and feel not allowed, use agent.allowLFChange=true)
java.lang.RuntimeException: Changing look and feel not allowed, use agent.allowLFChange=true
	at com.creamtec.ajaxswing.laf.AjaxSwingLookAndFeel.uninitialize(AjaxSwingLookAndFeel.java:66)
	at javax.swing.UIManager.setLookAndFeel(UIManager.java:533)
	at javax.swing.UIManager.setLookAndFeel(UIManager.java:583)
	at net.sourceforge.kolmafia.KoLmafia.initLookAndFeel(KoLmafia.java:479)
	at net.sourceforge.kolmafia.KoLmafia.main(KoLmafia.java:368)
	at sun.reflect.NativeMethodAccessorImpl.invoke0(Native Method)
	at sun.reflect.NativeMethodAccessorImpl.invoke(NativeMethodAccessorImpl.java:62)
	at sun.reflect.DelegatingMethodAccessorImpl.invoke(DelegatingMethodAccessorImpl.java:43)
	at java.lang.reflect.Method.invoke(Method.java:498)
	at com.creamtec.ajaxswing.core.ClientAgent.loadAndRun(ClientAgent.java:885)
	at com.creamtec.ajaxswing.core.ClientAgent.doRun(ClientAgent.java:838)
	at sun.reflect.NativeMethodAccessorImpl.invoke0(Native Method)
	at sun.reflect.NativeMethodAccessorImpl.invoke(NativeMethodAccessorImpl.java:62)
	at sun.reflect.DelegatingMethodAccessorImpl.invoke(DelegatingMethodAccessorImpl.java:43)
	at java.lang.reflect.Method.invoke(Method.java:498)
	at com.creamtec.ajaxswing.core.AjaxSwingThread.doVoidMethodVoid(AjaxSwingThread.java:179)
	at com.creamtec.ajaxswing.core.AjaxSwingThread.run(AjaxSwingThread.java:64)
2020/04/11 18:21:02:437 : http-nio-8040-exec-5 : [com.creamtec.ajaxswing.ServletHelper$InProcessClientAgent] Initialization of client complete
2020/04/11 18:21:52:627 : localhost-startStop-1 : createServerSocket: 127.0.0.1:8045
2020/04/11 18:21:53:783 : http-nio-8040-exec-3 : for headless unix environments ensure xvfb is running
2020/04/11 18:21:54:669 : http-nio-8040-exec-4 : [com.creamtec.ajaxswing.ServletHelper$InProcessClientAgent] Initializing the client, wait = true
2020/04/11 18:21:56:764 : Thread-10 : WARN: Failed to set look and feel or look and feel change not allowed by AjaxSwing (Exception java.lang.RuntimeException, Changing look and feel not allowed, use agent.allowLFChange=true)
java.lang.RuntimeException: Changing look and feel not allowed, use agent.allowLFChange=true
	at com.creamtec.ajaxswing.laf.AjaxSwingLookAndFeel.uninitialize(AjaxSwingLookAndFeel.java:66)
	at javax.swing.UIManager.setLookAndFeel(UIManager.java:533)
	at javax.swing.UIManager.setLookAndFeel(UIManager.java:583)
	at net.sourceforge.kolmafia.KoLmafia.initLookAndFeel(KoLmafia.java:479)
	at net.sourceforge.kolmafia.KoLmafia.main(KoLmafia.java:368)
	at sun.reflect.NativeMethodAccessorImpl.invoke0(Native Method)
	at sun.reflect.NativeMethodAccessorImpl.invoke(NativeMethodAccessorImpl.java:62)
	at sun.reflect.DelegatingMethodAccessorImpl.invoke(DelegatingMethodAccessorImpl.java:43)
	at java.lang.reflect.Method.invoke(Method.java:498)
	at com.creamtec.ajaxswing.core.ClientAgent.loadAndRun(ClientAgent.java:885)
	at com.creamtec.ajaxswing.core.ClientAgent.doRun(ClientAgent.java:838)
	at sun.reflect.NativeMethodAccessorImpl.invoke0(Native Method)
	at sun.reflect.NativeMethodAccessorImpl.invoke(NativeMethodAccessorImpl.java:62)
	at sun.reflect.DelegatingMethodAccessorImpl.invoke(DelegatingMethodAccessorImpl.java:43)
	at java.lang.reflect.Method.invoke(Method.java:498)
	at com.creamtec.ajaxswing.core.AjaxSwingThread.doVoidMethodVoid(AjaxSwingThread.java:179)
	at com.creamtec.ajaxswing.core.AjaxSwingThread.run(AjaxSwingThread.java:64)
2020/04/11 18:21:58:378 : http-nio-8040-exec-4 : [com.creamtec.ajaxswing.ServletHelper$InProcessClientAgent] Initialization of client complete
2020/04/11 18:25:30:450 : localhost-startStop-1 : createServerSocket: 127.0.0.1:8045
2020/04/11 18:25:31:511 : http-nio-8040-exec-3 : for headless unix environments ensure xvfb is running
2020/04/11 18:25:32:407 : http-nio-8040-exec-4 : [com.creamtec.ajaxswing.ServletHelper$InProcessClientAgent] Initializing the client, wait = true
2020/04/11 18:25:34:508 : Thread-10 : WARN: Failed to set look and feel or look and feel change not allowed by AjaxSwing (Exception java.lang.RuntimeException, Changing look and feel not allowed, use agent.allowLFChange=true)
java.lang.RuntimeException: Changing look and feel not allowed, use agent.allowLFChange=true
	at com.creamtec.ajaxswing.laf.AjaxSwingLookAndFeel.uninitialize(AjaxSwingLookAndFeel.java:66)
	at javax.swing.UIManager.setLookAndFeel(UIManager.java:533)
	at javax.swing.UIManager.setLookAndFeel(UIManager.java:583)
	at net.sourceforge.kolmafia.KoLmafia.initLookAndFeel(KoLmafia.java:479)
	at net.sourceforge.kolmafia.KoLmafia.main(KoLmafia.java:368)
	at sun.reflect.NativeMethodAccessorImpl.invoke0(Native Method)
	at sun.reflect.NativeMethodAccessorImpl.invoke(NativeMethodAccessorImpl.java:62)
	at sun.reflect.DelegatingMethodAccessorImpl.invoke(DelegatingMethodAccessorImpl.java:43)
	at java.lang.reflect.Method.invoke(Method.java:498)
	at com.creamtec.ajaxswing.core.ClientAgent.loadAndRun(ClientAgent.java:885)
	at com.creamtec.ajaxswing.core.ClientAgent.doRun(ClientAgent.java:838)
	at sun.reflect.NativeMethodAccessorImpl.invoke0(Native Method)
	at sun.reflect.NativeMethodAccessorImpl.invoke(NativeMethodAccessorImpl.java:62)
	at sun.reflect.DelegatingMethodAccessorImpl.invoke(DelegatingMethodAccessorImpl.java:43)
	at java.lang.reflect.Method.invoke(Method.java:498)
	at com.creamtec.ajaxswing.core.AjaxSwingThread.doVoidMethodVoid(AjaxSwingThread.java:179)
	at com.creamtec.ajaxswing.core.AjaxSwingThread.run(AjaxSwingThread.java:64)
2020/04/11 18:25:36:172 : http-nio-8040-exec-4 : [com.creamtec.ajaxswing.ServletHelper$InProcessClientAgent] Initialization of client complete
2020/04/11 18:33:34:659 : localhost-startStop-1 : createServerSocket: 127.0.0.1:8045
2020/04/11 18:33:35:763 : http-nio-8040-exec-3 : for headless unix environments ensure xvfb is running
2020/04/11 18:33:36:615 : http-nio-8040-exec-4 : [com.creamtec.ajaxswing.ServletHelper$InProcessClientAgent] Initializing the client, wait = true
2020/04/11 18:33:40:273 : http-nio-8040-exec-4 : [com.creamtec.ajaxswing.ServletHelper$InProcessClientAgent] Initialization of client complete
2020/04/11 18:35:00:492 : localhost-startStop-1 : createServerSocket: 127.0.0.1:8045
2020/04/11 18:35:01:639 : http-nio-8040-exec-3 : for headless unix environments ensure xvfb is running
2020/04/11 18:35:02:507 : http-nio-8040-exec-4 : [com.creamtec.ajaxswing.ServletHelper$InProcessClientAgent] Initializing the client, wait = true
2020/04/11 18:35:06:425 : http-nio-8040-exec-4 : [com.creamtec.ajaxswing.ServletHelper$InProcessClientAgent] Initialization of client complete
2020/04/11 18:38:14:943 : localhost-startStop-1 : createServerSocket: 127.0.0.1:8045
2020/04/11 18:38:19:911 : http-nio-8040-exec-2 : for headless unix environments ensure xvfb is running
2020/04/11 18:38:21:003 : http-nio-8040-exec-3 : [com.creamtec.ajaxswing.ServletHelper$InProcessClientAgent] Initializing the client, wait = true
2020/04/11 18:38:24:817 : http-nio-8040-exec-3 : [com.creamtec.ajaxswing.ServletHelper$InProcessClientAgent] Initialization of client complete
2020/04/11 18:38:56:942 : http-nio-8040-exec-2 : [com.creamtec.ajaxswing.ServletHelper$InProcessClientAgent] Initializing the client, wait = true
2020/04/11 18:38:57:678 : http-nio-8040-exec-2 : [com.creamtec.ajaxswing.ServletHelper$InProcessClientAgent] Initialization of client complete
2020/04/11 18:39:53:474 : localhost-startStop-1 : createServerSocket: 127.0.0.1:8045
2020/04/11 18:39:54:872 : http-nio-8040-exec-3 : for headless unix environments ensure xvfb is running
2020/04/11 18:39:55:765 : http-nio-8040-exec-4 : [com.creamtec.ajaxswing.ServletHelper$InProcessClientAgent] Initializing the client, wait = true
2020/04/11 18:39:59:672 : http-nio-8040-exec-4 : [com.creamtec.ajaxswing.ServletHelper$InProcessClientAgent] Initialization of client complete
2020/04/11 18:41:34:570 : http-nio-8040-exec-10 : [com.creamtec.ajaxswing.ServletHelper$InProcessClientAgent] Initializing the client, wait = true
2020/04/11 18:41:35:299 : http-nio-8040-exec-10 : [com.creamtec.ajaxswing.ServletHelper$InProcessClientAgent] Initialization of client complete
2020/04/11 18:43:26:562 : localhost-startStop-1 : createServerSocket: 127.0.0.1:8045
2020/04/11 18:43:27:803 : http-nio-8040-exec-2 : for headless unix environments ensure xvfb is running
2020/04/11 18:43:28:748 : http-nio-8040-exec-3 : [com.creamtec.ajaxswing.ServletHelper$InProcessClientAgent] Initializing the client, wait = true
2020/04/11 18:43:32:544 : http-nio-8040-exec-3 : [com.creamtec.ajaxswing.ServletHelper$InProcessClientAgent] Initialization of client complete
2020/04/11 18:54:11:290 : localhost-startStop-1 : createServerSocket: 127.0.0.1:8045
2020/04/11 18:54:24:032 : http-nio-8040-exec-4 : for headless unix environments ensure xvfb is running
2020/04/11 18:54:24:953 : http-nio-8040-exec-5 : [com.creamtec.ajaxswing.ServletHelper$InProcessClientAgent] Initializing the client, wait = true
2020/04/11 18:54:27:058 : Thread-9 : WARN: Failed to set look and feel or look and feel change not allowed by AjaxSwing (Exception java.lang.RuntimeException, Changing look and feel not allowed, use agent.allowLFChange=true)
java.lang.RuntimeException: Changing look and feel not allowed, use agent.allowLFChange=true
	at com.creamtec.ajaxswing.laf.AjaxSwingLookAndFeel.uninitialize(AjaxSwingLookAndFeel.java:66)
	at javax.swing.UIManager.setLookAndFeel(UIManager.java:533)
	at javax.swing.UIManager.setLookAndFeel(UIManager.java:583)
	at net.sourceforge.kolmafia.KoLmafia.initLookAndFeel(KoLmafia.java:479)
	at net.sourceforge.kolmafia.KoLmafia.main(KoLmafia.java:368)
	at sun.reflect.NativeMethodAccessorImpl.invoke0(Native Method)
	at sun.reflect.NativeMethodAccessorImpl.invoke(NativeMethodAccessorImpl.java:62)
	at sun.reflect.DelegatingMethodAccessorImpl.invoke(DelegatingMethodAccessorImpl.java:43)
	at java.lang.reflect.Method.invoke(Method.java:498)
	at com.creamtec.ajaxswing.core.ClientAgent.loadAndRun(ClientAgent.java:885)
	at com.creamtec.ajaxswing.core.ClientAgent.doRun(ClientAgent.java:838)
	at sun.reflect.NativeMethodAccessorImpl.invoke0(Native Method)
	at sun.reflect.NativeMethodAccessorImpl.invoke(NativeMethodAccessorImpl.java:62)
	at sun.reflect.DelegatingMethodAccessorImpl.invoke(DelegatingMethodAccessorImpl.java:43)
	at java.lang.reflect.Method.invoke(Method.java:498)
	at com.creamtec.ajaxswing.core.AjaxSwingThread.doVoidMethodVoid(AjaxSwingThread.java:179)
	at com.creamtec.ajaxswing.core.AjaxSwingThread.run(AjaxSwingThread.java:64)
2020/04/11 18:54:28:973 : http-nio-8040-exec-5 : [com.creamtec.ajaxswing.ServletHelper$InProcessClientAgent] Initialization of client complete
2020/04/11 18:56:51:988 : localhost-startStop-1 : createServerSocket: 127.0.0.1:8045
2020/04/11 18:56:54:116 : http-nio-8040-exec-2 : for headless unix environments ensure xvfb is running
2020/04/11 18:56:55:200 : http-nio-8040-exec-3 : [com.creamtec.ajaxswing.ServletHelper$InProcessClientAgent] Initializing the client, wait = true
2020/04/11 18:56:58:841 : http-nio-8040-exec-3 : [com.creamtec.ajaxswing.ServletHelper$InProcessClientAgent] Initialization of client complete
2020/04/11 19:04:03:347 : localhost-startStop-1 : createServerSocket: 127.0.0.1:8045
2020/04/11 19:04:19:557 : http-nio-8040-exec-4 : for headless unix environments ensure xvfb is running
2020/04/11 19:04:20:596 : http-nio-8040-exec-5 : [com.creamtec.ajaxswing.ServletHelper$InProcessClientAgent] Initializing the client, wait = true
2020/04/11 19:04:24:230 : http-nio-8040-exec-5 : [com.creamtec.ajaxswing.ServletHelper$InProcessClientAgent] Initialization of client complete
2020/04/11 19:06:08:849 : localhost-startStop-1 : createServerSocket: 127.0.0.1:8045
2020/04/11 19:06:13:376 : http-nio-8040-exec-3 : for headless unix environments ensure xvfb is running
2020/04/11 19:06:14:422 : http-nio-8040-exec-4 : [com.creamtec.ajaxswing.ServletHelper$InProcessClientAgent] Initializing the client, wait = true
2020/04/11 19:06:18:049 : http-nio-8040-exec-4 : [com.creamtec.ajaxswing.ServletHelper$InProcessClientAgent] Initialization of client complete
2020/04/11 20:26:57:771 : Thread-6 : [com.creamtec.ajaxswing.core.ClientAgentFactory$1] Exception while warming up client agent for applicaton mafiaweb (Exception java.rmi.ConnectException, Connection refused to host: 192.168.0.106; nested exception is: 
	java.net.ConnectException: Connection refused (Connection refused))
java.rmi.ConnectException: Connection refused to host: 192.168.0.106; nested exception is: 
	java.net.ConnectException: Connection refused (Connection refused)
	at sun.rmi.transport.tcp.TCPEndpoint.newSocket(TCPEndpoint.java:623)
	at sun.rmi.transport.tcp.TCPChannel.createConnection(TCPChannel.java:216)
	at sun.rmi.transport.tcp.TCPChannel.newConnection(TCPChannel.java:202)
	at sun.rmi.server.UnicastRef.invoke(UnicastRef.java:131)
	at com.creamtec.ajaxswing.ClientAgentImpl_Stub.ping(Unknown Source)
	at com.creamtec.ajaxswing.core.ClientAgentFactory$1.run(ClientAgentFactory.java:173)
Caused by: java.net.ConnectException: Connection refused (Connection refused)
	at java.net.PlainSocketImpl.socketConnect(Native Method)
	at java.net.AbstractPlainSocketImpl.doConnect(AbstractPlainSocketImpl.java:350)
	at java.net.AbstractPlainSocketImpl.connectToAddress(AbstractPlainSocketImpl.java:206)
	at java.net.AbstractPlainSocketImpl.connect(AbstractPlainSocketImpl.java:188)
	at java.net.SocksSocketImpl.connect(SocksSocketImpl.java:392)
	at java.net.Socket.connect(Socket.java:606)
	at java.net.Socket.connect(Socket.java:555)
	at java.net.Socket.<init>(Socket.java:451)
	at java.net.Socket.<init>(Socket.java:228)
	at sun.rmi.transport.proxy.RMIDirectSocketFactory.createSocket(RMIDirectSocketFactory.java:40)
	at sun.rmi.transport.proxy.RMIMasterSocketFactory.createSocket(RMIMasterSocketFactory.java:148)
	at sun.rmi.transport.tcp.TCPEndpoint.newSocket(TCPEndpoint.java:617)
	... 5 more
2020/04/11 20:39:54:778 : Thread-6 : [com.creamtec.ajaxswing.core.ClientAgentFactory$1] Exception while warming up client agent for applicaton mafiaweb (Exception java.rmi.ConnectException, Connection refused to host: 192.168.0.106; nested exception is: 
	java.net.ConnectException: Connection refused (Connection refused))
java.rmi.ConnectException: Connection refused to host: 192.168.0.106; nested exception is: 
	java.net.ConnectException: Connection refused (Connection refused)
	at sun.rmi.transport.tcp.TCPEndpoint.newSocket(TCPEndpoint.java:623)
	at sun.rmi.transport.tcp.TCPChannel.createConnection(TCPChannel.java:216)
	at sun.rmi.transport.tcp.TCPChannel.newConnection(TCPChannel.java:202)
	at sun.rmi.server.UnicastRef.invoke(UnicastRef.java:131)
	at com.creamtec.ajaxswing.ClientAgentImpl_Stub.ping(Unknown Source)
	at com.creamtec.ajaxswing.core.ClientAgentFactory$1.run(ClientAgentFactory.java:173)
Caused by: java.net.ConnectException: Connection refused (Connection refused)
	at java.net.PlainSocketImpl.socketConnect(Native Method)
	at java.net.AbstractPlainSocketImpl.doConnect(AbstractPlainSocketImpl.java:350)
	at java.net.AbstractPlainSocketImpl.connectToAddress(AbstractPlainSocketImpl.java:206)
	at java.net.AbstractPlainSocketImpl.connect(AbstractPlainSocketImpl.java:188)
	at java.net.SocksSocketImpl.connect(SocksSocketImpl.java:392)
	at java.net.Socket.connect(Socket.java:606)
	at java.net.Socket.connect(Socket.java:555)
	at java.net.Socket.<init>(Socket.java:451)
	at java.net.Socket.<init>(Socket.java:228)
	at sun.rmi.transport.proxy.RMIDirectSocketFactory.createSocket(RMIDirectSocketFactory.java:40)
	at sun.rmi.transport.proxy.RMIMasterSocketFactory.createSocket(RMIMasterSocketFactory.java:148)
	at sun.rmi.transport.tcp.TCPEndpoint.newSocket(TCPEndpoint.java:617)
	... 5 more
2020/04/11 20:58:15:428 : localhost-startStop-1 : createServerSocket: 127.0.0.1:8045
2020/04/11 20:58:23:773 : http-nio-8040-exec-4 : for headless unix environments ensure xvfb is running
2020/04/11 20:58:24:877 : http-nio-8040-exec-5 : [com.creamtec.ajaxswing.ServletHelper$InProcessClientAgent] Initializing the client, wait = true
2020/04/11 20:58:28:727 : http-nio-8040-exec-5 : [com.creamtec.ajaxswing.ServletHelper$InProcessClientAgent] Initialization of client complete
2020/04/11 21:00:52:674 : http-nio-8040-exec-10 : [com.creamtec.ajaxswing.ServletHelper$InProcessClientAgent] Initializing the client, wait = true
2020/04/11 21:00:52:706 : Thread-13 : [com.creamtec.ajaxswing.ServletHelper$InProcessClientAgent] Failed to load and run class net.sourceforge.kolmafia.KoLmafia (Exception java.lang.IllegalThreadStateException)
2020/04/11 21:00:52:706 : http-nio-8040-exec-10 : [com.creamtec.ajaxswing.ServletHelper$InProcessClientAgent] Failed with exception (Exception java.lang.IllegalThreadStateException)
java.lang.IllegalThreadStateException
	at java.lang.Thread.start(Thread.java:708)
	at net.sourceforge.kolmafia.KoLmafiaCLI.listenForCommands(KoLmafiaCLI.java:306)
	at net.sourceforge.kolmafia.KoLmafia.main(KoLmafia.java:431)
	at sun.reflect.NativeMethodAccessorImpl.invoke0(Native Method)
	at sun.reflect.NativeMethodAccessorImpl.invoke(NativeMethodAccessorImpl.java:62)
	at sun.reflect.DelegatingMethodAccessorImpl.invoke(DelegatingMethodAccessorImpl.java:43)
	at java.lang.reflect.Method.invoke(Method.java:498)
	at com.creamtec.ajaxswing.core.ClientAgent.loadAndRun(ClientAgent.java:885)
	at com.creamtec.ajaxswing.core.ClientAgent.doRun(ClientAgent.java:842)
	at sun.reflect.NativeMethodAccessorImpl.invoke0(Native Method)
	at sun.reflect.NativeMethodAccessorImpl.invoke(NativeMethodAccessorImpl.java:62)
	at sun.reflect.DelegatingMethodAccessorImpl.invoke(DelegatingMethodAccessorImpl.java:43)
	at java.lang.reflect.Method.invoke(Method.java:498)
	at com.creamtec.ajaxswing.core.AjaxSwingThread.doVoidMethodVoid(AjaxSwingThread.java:179)
	at com.creamtec.ajaxswing.core.AjaxSwingThread.run(AjaxSwingThread.java:64)
2020/04/13 11:44:33:649 : localhost-startStop-1 : createServerSocket: 127.0.0.1:8045
2020/04/13 11:47:23:258 : http-nio-8040-exec-6 : for headless unix environments ensure xvfb is running
2020/04/13 11:47:24:447 : http-nio-8040-exec-8 : [com.creamtec.ajaxswing.ServletHelper$InProcessClientAgent] Initializing the client, wait = true
2020/04/13 11:47:27:205 : http-nio-8040-exec-8 : [com.creamtec.ajaxswing.ServletHelper$InProcessClientAgent] Initialization of client complete
2020/04/13 11:47:28:603 : http-nio-8040-exec-8 : [com.creamtec.ajaxswing.ServletHelper$InProcessClientAgent] Initializing the client, wait = true
2020/04/13 11:47:30:623 : http-nio-8040-exec-8 : [com.creamtec.ajaxswing.ServletHelper$InProcessClientAgent] Initialization of client complete
2020/04/13 11:48:28:620 : localhost-startStop-1 : createServerSocket: 127.0.0.1:8045
2020/04/13 11:48:32:926 : http-nio-8040-exec-3 : for headless unix environments ensure xvfb is running
2020/04/13 11:48:34:005 : http-nio-8040-exec-4 : [com.creamtec.ajaxswing.ServletHelper$InProcessClientAgent] Initializing the client, wait = true
2020/04/13 11:48:38:027 : http-nio-8040-exec-4 : [com.creamtec.ajaxswing.ServletHelper$InProcessClientAgent] Initialization of client complete
